G:\GIRIST\DEBUG\BOARDCONTROL.OBJ
G:\Girist\Debug\cl.command.1.tlog
G:\Girist\Debug\CL.read.1.tlog
G:\Girist\Debug\CL.write.1.tlog
G:\GIRIST\DEBUG\COMMENTDLG.OBJ
G:\GIRIST\DEBUG\COMPACT_DATASTRUC.OBJ
G:\GIRIST\DEBUG\DLGBARS.OBJ
G:\GIRIST\DEBUG\DLGBUILD.OBJ
G:\GIRIST\DEBUG\DLGDISTRI.OBJ
G:\GIRIST\DEBUG\GIA_BASIC.OBJ
G:\GIRIST\DEBUG\GIA_HANDLE.OBJ
G:\GIRIST\DEBUG\GIP_DWT.OBJ
G:\GIRIST\DEBUG\GIP_FV.OBJ
G:\GIRIST\DEBUG\GIP_GABOR.OBJ
G:\GIRIST\DEBUG\GIP_HEAP.OBJ
G:\GIRIST\DEBUG\GIP_IMAG_PROPERTY.OBJ
G:\GIRIST\DEBUG\GIP_IMAG_TRANSFORM.OBJ
G:\GIRIST\DEBUG\GIP_LIBRARY.OBJ
G:\GIRIST\DEBUG\GIP_PACKAGE.OBJ
G:\GIRIST\DEBUG\GIP_THREAD.OBJ
G:\GIRIST\DEBUG\GIP_UTIL.OBJ
G:\GIRIST\DEBUG\GIRIS_CORE.OBJ
G:\GIRIST\DEBUG\GIRIST.EXE
G:\GIRIST\DEBUG\GIRIST.EXE.EMBED.MANIFEST
G:\GIRIST\DEBUG\GIRIST.EXE.EMBED.MANIFEST.RES
G:\GIRIST\DEBUG\GIRIST.EXE.INTERMEDIATE.MANIFEST
G:\GIRIST\DEBUG\GIRIST.ILK
G:\GIRIST\DEBUG\GIRIST.OBJ
G:\GIRIST\DEBUG\GIRIST.PCH
G:\GIRIST\DEBUG\GIRIST.PDB
G:\GIRIST\DEBUG\GIRIST.RES
G:\Girist\Debug\Girist.write.1.tlog
G:\Girist\Debug\Girist_manifest.rc
G:\GIRIST\DEBUG\GIRISTDLG.OBJ
G:\GIRIST\DEBUG\GTREECTRL.OBJ
G:\Girist\Debug\link.4796.read.1.tlog
G:\Girist\Debug\link.4796.write.1.tlog
G:\Girist\Debug\link.4796-cvtres.read.1.tlog
G:\Girist\Debug\link.4796-cvtres.write.1.tlog
G:\Girist\Debug\link.command.1.tlog
G:\Girist\Debug\link.read.1.tlog
G:\Girist\Debug\link.write.1.tlog
G:\Girist\Debug\link-cvtres.read.1.tlog
G:\Girist\Debug\link-cvtres.write.1.tlog
G:\Girist\Debug\mt.command.1.tlog
G:\Girist\Debug\mt.read.1.tlog
G:\Girist\Debug\mt.write.1.tlog
G:\Girist\Debug\rc.command.1.tlog
G:\Girist\Debug\rc.read.1.tlog
G:\Girist\Debug\rc.write.1.tlog
G:\GIRIST\DEBUG\STDAFX.OBJ
G:\GIRIST\DEBUG\TABCTRLSSL.OBJ
G:\GIRIST\DEBUG\TABIRIS.OBJ
G:\GIRIST\DEBUG\TABPAGESSL.OBJ
G:\GIRIST\DEBUG\TABTREE.OBJ
G:\Girist\Debug\vc100.idb
G:\GIRIST\DEBUG\VC100.PDB
